{"/Users/KAYABAS/Projects/awesomeqp/src/mq.js": {"path":"/Users/KAYABAS/Projects/awesomeqp/src/mq.js","statementMap":{"0":{"start":{"line":1,"column":21},"end":{"line":1,"column":38}},"1":{"start":{"line":3,"column":14},"end":{"line":3,"column":67}},"2":{"start":{"line":3,"column":20},"end":{"line":3,"column":67}},"3":{"start":{"line":3,"column":43},"end":{"line":3,"column":66}},"4":{"start":{"line":4,"column":14},"end":{"line":7,"column":1}},"5":{"start":{"line":9,"column":0},"end":{"line":214,"column":2}},"6":{"start":{"line":11,"column":4},"end":{"line":11,"column":12}},"7":{"start":{"line":12,"column":4},"end":{"line":12,"column":31}},"8":{"start":{"line":13,"column":4},"end":{"line":15,"column":6}},"9":{"start":{"line":16,"column":4},"end":{"line":16,"column":79}},"10":{"start":{"line":17,"column":4},"end":{"line":17,"column":27}},"11":{"start":{"line":21,"column":4},"end":{"line":23,"column":5}},"12":{"start":{"line":22,"column":6},"end":{"line":22,"column":49}},"13":{"start":{"line":24,"column":4},"end":{"line":26,"column":5}},"14":{"start":{"line":25,"column":6},"end":{"line":25,"column":45}},"15":{"start":{"line":27,"column":4},"end":{"line":29,"column":5}},"16":{"start":{"line":28,"column":6},"end":{"line":28,"column":49}},"17":{"start":{"line":30,"column":4},"end":{"line":32,"column":5}},"18":{"start":{"line":31,"column":6},"end":{"line":31,"column":50}},"19":{"start":{"line":33,"column":4},"end":{"line":35,"column":5}},"20":{"start":{"line":34,"column":6},"end":{"line":34,"column":50}},"21":{"start":{"line":36,"column":4},"end":{"line":38,"column":5}},"22":{"start":{"line":37,"column":6},"end":{"line":37,"column":69}},"23":{"start":{"line":39,"column":4},"end":{"line":41,"column":5}},"24":{"start":{"line":40,"column":6},"end":{"line":40,"column":55}},"25":{"start":{"line":42,"column":4},"end":{"line":52,"column":5}},"26":{"start":{"line":43,"column":6},"end":{"line":45,"column":7}},"27":{"start":{"line":44,"column":8},"end":{"line":44,"column":60}},"28":{"start":{"line":46,"column":6},"end":{"line":48,"column":7}},"29":{"start":{"line":47,"column":8},"end":{"line":47,"column":60}},"30":{"start":{"line":49,"column":6},"end":{"line":51,"column":7}},"31":{"start":{"line":50,"column":8},"end":{"line":50,"column":61}},"32":{"start":{"line":56,"column":20},"end":{"line":56,"column":32}},"33":{"start":{"line":57,"column":20},"end":{"line":57,"column":47}},"34":{"start":{"line":58,"column":17},"end":{"line":58,"column":89}},"35":{"start":{"line":59,"column":20},"end":{"line":64,"column":5}},"36":{"start":{"line":65,"column":4},"end":{"line":65,"column":48}},"37":{"start":{"line":69,"column":4},"end":{"line":69,"column":27}},"38":{"start":{"line":70,"column":4},"end":{"line":70,"column":25}},"39":{"start":{"line":71,"column":26},"end":{"line":71,"column":38}},"40":{"start":{"line":72,"column":4},"end":{"line":72,"column":59}},"41":{"start":{"line":73,"column":4},"end":{"line":78,"column":7}},"42":{"start":{"line":74,"column":6},"end":{"line":77,"column":7}},"43":{"start":{"line":75,"column":8},"end":{"line":75,"column":41}},"44":{"start":{"line":76,"column":8},"end":{"line":76,"column":30}},"45":{"start":{"line":82,"column":4},"end":{"line":82,"column":25}},"46":{"start":{"line":83,"column":26},"end":{"line":83,"column":38}},"47":{"start":{"line":84,"column":16},"end":{"line":84,"column":60}},"48":{"start":{"line":85,"column":4},"end":{"line":90,"column":5}},"49":{"start":{"line":86,"column":6},"end":{"line":86,"column":53}},"50":{"start":{"line":87,"column":6},"end":{"line":87,"column":67}},"51":{"start":{"line":89,"column":6},"end":{"line":89,"column":45}},"52":{"start":{"line":94,"column":4},"end":{"line":94,"column":25}},"53":{"start":{"line":95,"column":44},"end":{"line":95,"column":56}},"54":{"start":{"line":96,"column":16},"end":{"line":96,"column":60}},"55":{"start":{"line":97,"column":4},"end":{"line":102,"column":5}},"56":{"start":{"line":98,"column":6},"end":{"line":98,"column":85}},"57":{"start":{"line":99,"column":6},"end":{"line":99,"column":83}},"58":{"start":{"line":101,"column":6},"end":{"line":101,"column":46}},"59":{"start":{"line":106,"column":21},"end":{"line":106,"column":33}},"60":{"start":{"line":107,"column":4},"end":{"line":109,"column":5}},"61":{"start":{"line":108,"column":6},"end":{"line":108,"column":39}},"62":{"start":{"line":110,"column":4},"end":{"line":112,"column":5}},"63":{"start":{"line":111,"column":6},"end":{"line":111,"column":42}},"64":{"start":{"line":113,"column":4},"end":{"line":113,"column":45}},"65":{"start":{"line":117,"column":52},"end":{"line":117,"column":64}},"66":{"start":{"line":118,"column":4},"end":{"line":122,"column":5}},"67":{"start":{"line":119,"column":6},"end":{"line":119,"column":76}},"68":{"start":{"line":121,"column":6},"end":{"line":121,"column":73}},"69":{"start":{"line":123,"column":4},"end":{"line":123,"column":63}},"70":{"start":{"line":127,"column":35},"end":{"line":127,"column":47}},"71":{"start":{"line":128,"column":4},"end":{"line":132,"column":5}},"72":{"start":{"line":129,"column":6},"end":{"line":129,"column":56}},"73":{"start":{"line":131,"column":6},"end":{"line":131,"column":70}},"74":{"start":{"line":133,"column":4},"end":{"line":133,"column":60}},"75":{"start":{"line":138,"column":4},"end":{"line":140,"column":5}},"76":{"start":{"line":139,"column":6},"end":{"line":139,"column":26}},"77":{"start":{"line":141,"column":21},"end":{"line":141,"column":25}},"78":{"start":{"line":142,"column":4},"end":{"line":144,"column":5}},"79":{"start":{"line":143,"column":6},"end":{"line":143,"column":53}},"80":{"start":{"line":146,"column":4},"end":{"line":150,"column":5}},"81":{"start":{"line":147,"column":6},"end":{"line":147,"column":54}},"82":{"start":{"line":149,"column":6},"end":{"line":149,"column":61}},"83":{"start":{"line":151,"column":4},"end":{"line":151,"column":31}},"84":{"start":{"line":152,"column":4},"end":{"line":152,"column":27}},"85":{"start":{"line":153,"column":4},"end":{"line":153,"column":24}},"86":{"start":{"line":157,"column":4},"end":{"line":159,"column":5}},"87":{"start":{"line":158,"column":6},"end":{"line":158,"column":29}},"88":{"start":{"line":160,"column":21},"end":{"line":160,"column":29}},"89":{"start":{"line":161,"column":20},"end":{"line":161,"column":32}},"90":{"start":{"line":162,"column":4},"end":{"line":188,"column":7}},"91":{"start":{"line":163,"column":6},"end":{"line":172,"column":7}},"92":{"start":{"line":164,"column":8},"end":{"line":168,"column":11}},"93":{"start":{"line":170,"column":8},"end":{"line":170,"column":79}},"94":{"start":{"line":171,"column":8},"end":{"line":171,"column":52}},"95":{"start":{"line":173,"column":6},"end":{"line":173,"column":50}},"96":{"start":{"line":174,"column":6},"end":{"line":177,"column":9}},"97":{"start":{"line":175,"column":8},"end":{"line":175,"column":69}},"98":{"start":{"line":176,"column":8},"end":{"line":176,"column":31}},"99":{"start":{"line":178,"column":6},"end":{"line":181,"column":9}},"100":{"start":{"line":179,"column":8},"end":{"line":179,"column":71}},"101":{"start":{"line":180,"column":8},"end":{"line":180,"column":31}},"102":{"start":{"line":182,"column":6},"end":{"line":182,"column":33}},"103":{"start":{"line":183,"column":25},"end":{"line":183,"column":49}},"104":{"start":{"line":184,"column":6},"end":{"line":186,"column":7}},"105":{"start":{"line":185,"column":8},"end":{"line":185,"column":29}},"106":{"start":{"line":187,"column":6},"end":{"line":187,"column":24}},"107":{"start":{"line":189,"column":4},"end":{"line":189,"column":27}},"108":{"start":{"line":193,"column":21},"end":{"line":193,"column":25}},"109":{"start":{"line":194,"column":4},"end":{"line":194,"column":73}},"110":{"start":{"line":195,"column":4},"end":{"line":195,"column":33}},"111":{"start":{"line":196,"column":4},"end":{"line":196,"column":38}},"112":{"start":{"line":197,"column":4},"end":{"line":197,"column":37}},"113":{"start":{"line":201,"column":21},"end":{"line":201,"column":25}},"114":{"start":{"line":202,"column":4},"end":{"line":202,"column":57}},"115":{"start":{"line":203,"column":4},"end":{"line":209,"column":5}},"116":{"start":{"line":204,"column":6},"end":{"line":206,"column":7}},"117":{"start":{"line":205,"column":8},"end":{"line":205,"column":38}},"118":{"start":{"line":208,"column":6},"end":{"line":208,"column":66}},"119":{"start":{"line":210,"column":4},"end":{"line":210,"column":32}},"120":{"start":{"line":211,"column":4},"end":{"line":211,"column":32}},"121":{"start":{"line":212,"column":4},"end":{"line":212,"column":29}}},"fnMap":{"0":{"name":"(anonymous_0)","decl":{"start":{"line":3,"column":14},"end":{"line":3,"column":15}},"loc":{"start":{"line":3,"column":20},"end":{"line":3,"column":67}},"line":3},"1":{"name":"(anonymous_1)","decl":{"start":{"line":3,"column":32},"end":{"line":3,"column":33}},"loc":{"start":{"line":3,"column":43},"end":{"line":3,"column":66}},"line":3},"2":{"name":"(anonymous_2)","decl":{"start":{"line":10,"column":2},"end":{"line":10,"column":3}},"loc":{"start":{"line":10,"column":29},"end":{"line":18,"column":3}},"line":10},"3":{"name":"(anonymous_3)","decl":{"start":{"line":20,"column":2},"end":{"line":20,"column":3}},"loc":{"start":{"line":20,"column":33},"end":{"line":53,"column":3}},"line":20},"4":{"name":"(anonymous_4)","decl":{"start":{"line":55,"column":2},"end":{"line":55,"column":3}},"loc":{"start":{"line":55,"column":42},"end":{"line":66,"column":3}},"line":55},"5":{"name":"(anonymous_5)","decl":{"start":{"line":68,"column":2},"end":{"line":68,"column":3}},"loc":{"start":{"line":68,"column":18},"end":{"line":79,"column":3}},"line":68},"6":{"name":"(anonymous_6)","decl":{"start":{"line":73,"column":36},"end":{"line":73,"column":37}},"loc":{"start":{"line":73,"column":51},"end":{"line":78,"column":5}},"line":73},"7":{"name":"(anonymous_7)","decl":{"start":{"line":81,"column":2},"end":{"line":81,"column":3}},"loc":{"start":{"line":81,"column":36},"end":{"line":91,"column":3}},"line":81},"8":{"name":"(anonymous_8)","decl":{"start":{"line":93,"column":2},"end":{"line":93,"column":3}},"loc":{"start":{"line":93,"column":49},"end":{"line":103,"column":3}},"line":93},"9":{"name":"(anonymous_9)","decl":{"start":{"line":105,"column":2},"end":{"line":105,"column":3}},"loc":{"start":{"line":105,"column":24},"end":{"line":114,"column":3}},"line":105},"10":{"name":"(anonymous_10)","decl":{"start":{"line":116,"column":2},"end":{"line":116,"column":3}},"loc":{"start":{"line":116,"column":32},"end":{"line":124,"column":3}},"line":116},"11":{"name":"(anonymous_11)","decl":{"start":{"line":126,"column":2},"end":{"line":126,"column":3}},"loc":{"start":{"line":126,"column":29},"end":{"line":134,"column":3}},"line":126},"12":{"name":"(anonymous_12)","decl":{"start":{"line":137,"column":2},"end":{"line":137,"column":3}},"loc":{"start":{"line":137,"column":24},"end":{"line":154,"column":3}},"line":137},"13":{"name":"(anonymous_13)","decl":{"start":{"line":156,"column":2},"end":{"line":156,"column":3}},"loc":{"start":{"line":156,"column":29},"end":{"line":190,"column":3}},"line":156},"14":{"name":"(anonymous_14)","decl":{"start":{"line":162,"column":34},"end":{"line":162,"column":35}},"loc":{"start":{"line":162,"column":53},"end":{"line":188,"column":5}},"line":162},"15":{"name":"(anonymous_15)","decl":{"start":{"line":174,"column":34},"end":{"line":174,"column":35}},"loc":{"start":{"line":174,"column":46},"end":{"line":177,"column":7}},"line":174},"16":{"name":"(anonymous_16)","decl":{"start":{"line":178,"column":34},"end":{"line":178,"column":35}},"loc":{"start":{"line":178,"column":47},"end":{"line":181,"column":7}},"line":178},"17":{"name":"(anonymous_17)","decl":{"start":{"line":192,"column":2},"end":{"line":192,"column":3}},"loc":{"start":{"line":192,"column":44},"end":{"line":198,"column":3}},"line":192},"18":{"name":"(anonymous_18)","decl":{"start":{"line":200,"column":2},"end":{"line":200,"column":3}},"loc":{"start":{"line":200,"column":26},"end":{"line":213,"column":3}},"line":200}},"branchMap":{"0":{"loc":{"start":{"line":16,"column":35},"end":{"line":16,"column":76}},"type":"binary-expr","locations":[{"start":{"line":16,"column":35},"end":{"line":16,"column":52}},{"start":{"line":16,"column":56},"end":{"line":16,"column":76}}],"line":16},"1":{"loc":{"start":{"line":21,"column":4},"end":{"line":23,"column":5}},"type":"if","locations":[{"start":{"line":21,"column":4},"end":{"line":23,"column":5}},{"start":{"line":21,"column":4},"end":{"line":23,"column":5}}],"line":21},"2":{"loc":{"start":{"line":24,"column":4},"end":{"line":26,"column":5}},"type":"if","locations":[{"start":{"line":24,"column":4},"end":{"line":26,"column":5}},{"start":{"line":24,"column":4},"end":{"line":26,"column":5}}],"line":24},"3":{"loc":{"start":{"line":27,"column":4},"end":{"line":29,"column":5}},"type":"if","locations":[{"start":{"line":27,"column":4},"end":{"line":29,"column":5}},{"start":{"line":27,"column":4},"end":{"line":29,"column":5}}],"line":27},"4":{"loc":{"start":{"line":30,"column":4},"end":{"line":32,"column":5}},"type":"if","locations":[{"start":{"line":30,"column":4},"end":{"line":32,"column":5}},{"start":{"line":30,"column":4},"end":{"line":32,"column":5}}],"line":30},"5":{"loc":{"start":{"line":33,"column":4},"end":{"line":35,"column":5}},"type":"if","locations":[{"start":{"line":33,"column":4},"end":{"line":35,"column":5}},{"start":{"line":33,"column":4},"end":{"line":35,"column":5}}],"line":33},"6":{"loc":{"start":{"line":36,"column":4},"end":{"line":38,"column":5}},"type":"if","locations":[{"start":{"line":36,"column":4},"end":{"line":38,"column":5}},{"start":{"line":36,"column":4},"end":{"line":38,"column":5}}],"line":36},"7":{"loc":{"start":{"line":39,"column":4},"end":{"line":41,"column":5}},"type":"if","locations":[{"start":{"line":39,"column":4},"end":{"line":41,"column":5}},{"start":{"line":39,"column":4},"end":{"line":41,"column":5}}],"line":39},"8":{"loc":{"start":{"line":39,"column":8},"end":{"line":39,"column":80}},"type":"binary-expr","locations":[{"start":{"line":39,"column":8},"end":{"line":39,"column":36}},{"start":{"line":39,"column":40},"end":{"line":39,"column":80}}],"line":39},"9":{"loc":{"start":{"line":42,"column":4},"end":{"line":52,"column":5}},"type":"if","locations":[{"start":{"line":42,"column":4},"end":{"line":52,"column":5}},{"start":{"line":42,"column":4},"end":{"line":52,"column":5}}],"line":42},"10":{"loc":{"start":{"line":43,"column":6},"end":{"line":45,"column":7}},"type":"if","locations":[{"start":{"line":43,"column":6},"end":{"line":45,"column":7}},{"start":{"line":43,"column":6},"end":{"line":45,"column":7}}],"line":43},"11":{"loc":{"start":{"line":46,"column":6},"end":{"line":48,"column":7}},"type":"if","locations":[{"start":{"line":46,"column":6},"end":{"line":48,"column":7}},{"start":{"line":46,"column":6},"end":{"line":48,"column":7}}],"line":46},"12":{"loc":{"start":{"line":49,"column":6},"end":{"line":51,"column":7}},"type":"if","locations":[{"start":{"line":49,"column":6},"end":{"line":51,"column":7}},{"start":{"line":49,"column":6},"end":{"line":51,"column":7}}],"line":49},"13":{"loc":{"start":{"line":57,"column":20},"end":{"line":57,"column":47}},"type":"binary-expr","locations":[{"start":{"line":57,"column":21},"end":{"line":57,"column":24}},{"start":{"line":57,"column":28},"end":{"line":57,"column":39}},{"start":{"line":57,"column":44},"end":{"line":57,"column":47}}],"line":57},"14":{"loc":{"start":{"line":58,"column":17},"end":{"line":58,"column":89}},"type":"cond-expr","locations":[{"start":{"line":58,"column":44},"end":{"line":58,"column":77}},{"start":{"line":58,"column":80},"end":{"line":58,"column":89}}],"line":58},"15":{"loc":{"start":{"line":58,"column":18},"end":{"line":58,"column":40}},"type":"binary-expr","locations":[{"start":{"line":58,"column":18},"end":{"line":58,"column":21}},{"start":{"line":58,"column":25},"end":{"line":58,"column":40}}],"line":58},"16":{"loc":{"start":{"line":63,"column":15},"end":{"line":63,"column":28}},"type":"binary-expr","locations":[{"start":{"line":63,"column":15},"end":{"line":63,"column":22}},{"start":{"line":63,"column":26},"end":{"line":63,"column":28}}],"line":63},"17":{"loc":{"start":{"line":74,"column":6},"end":{"line":77,"column":7}},"type":"if","locations":[{"start":{"line":74,"column":6},"end":{"line":77,"column":7}},{"start":{"line":74,"column":6},"end":{"line":77,"column":7}}],"line":74},"18":{"loc":{"start":{"line":107,"column":4},"end":{"line":109,"column":5}},"type":"if","locations":[{"start":{"line":107,"column":4},"end":{"line":109,"column":5}},{"start":{"line":107,"column":4},"end":{"line":109,"column":5}}],"line":107},"19":{"loc":{"start":{"line":110,"column":4},"end":{"line":112,"column":5}},"type":"if","locations":[{"start":{"line":110,"column":4},"end":{"line":112,"column":5}},{"start":{"line":110,"column":4},"end":{"line":112,"column":5}}],"line":110},"20":{"loc":{"start":{"line":138,"column":4},"end":{"line":140,"column":5}},"type":"if","locations":[{"start":{"line":138,"column":4},"end":{"line":140,"column":5}},{"start":{"line":138,"column":4},"end":{"line":140,"column":5}}],"line":138},"21":{"loc":{"start":{"line":142,"column":4},"end":{"line":144,"column":5}},"type":"if","locations":[{"start":{"line":142,"column":4},"end":{"line":144,"column":5}},{"start":{"line":142,"column":4},"end":{"line":144,"column":5}}],"line":142},"22":{"loc":{"start":{"line":157,"column":4},"end":{"line":159,"column":5}},"type":"if","locations":[{"start":{"line":157,"column":4},"end":{"line":159,"column":5}},{"start":{"line":157,"column":4},"end":{"line":159,"column":5}}],"line":157},"23":{"loc":{"start":{"line":184,"column":6},"end":{"line":186,"column":7}},"type":"if","locations":[{"start":{"line":184,"column":6},"end":{"line":186,"column":7}},{"start":{"line":184,"column":6},"end":{"line":186,"column":7}}],"line":184},"24":{"loc":{"start":{"line":192,"column":18},"end":{"line":192,"column":42}},"type":"default-arg","locations":[{"start":{"line":192,"column":32},"end":{"line":192,"column":42}}],"line":192},"25":{"loc":{"start":{"line":204,"column":6},"end":{"line":206,"column":7}},"type":"if","locations":[{"start":{"line":204,"column":6},"end":{"line":206,"column":7}},{"start":{"line":204,"column":6},"end":{"line":206,"column":7}}],"line":204}},"s":{"0":1,"1":1,"2":6,"3":6,"4":1,"5":1,"6":46,"7":46,"8":36,"9":36,"10":36,"11":46,"12":1,"13":45,"14":1,"15":44,"16":1,"17":43,"18":1,"19":42,"20":1,"21":41,"22":1,"23":40,"24":1,"25":39,"26":4,"27":1,"28":3,"29":1,"30":2,"31":1,"32":22,"33":22,"34":22,"35":22,"36":22,"37":6,"38":6,"39":6,"40":6,"41":6,"42":2,"43":2,"44":2,"45":22,"46":22,"47":22,"48":22,"49":22,"50":22,"51":0,"52":0,"53":0,"54":0,"55":0,"56":0,"57":0,"58":0,"59":9,"60":9,"61":8,"62":1,"63":0,"64":1,"65":0,"66":0,"67":0,"68":0,"69":0,"70":8,"71":8,"72":8,"73":2,"74":8,"75":10,"76":1,"77":9,"78":9,"79":1,"80":8,"81":8,"82":2,"83":8,"84":8,"85":8,"86":33,"87":24,"88":9,"89":9,"90":9,"91":9,"92":9,"93":1,"94":1,"95":8,"96":8,"97":2,"98":2,"99":8,"100":1,"101":1,"102":8,"103":8,"104":8,"105":3,"106":8,"107":9,"108":6,"109":6,"110":6,"111":6,"112":6,"113":6,"114":6,"115":6,"116":6,"117":4,"118":2,"119":6,"120":6,"121":6},"f":{"0":6,"1":6,"2":46,"3":46,"4":22,"5":6,"6":2,"7":22,"8":0,"9":9,"10":0,"11":8,"12":10,"13":33,"14":9,"15":2,"16":1,"17":6,"18":6},"b":{"0":[36,1],"1":[1,45],"2":[1,44],"3":[1,43],"4":[1,42],"5":[1,41],"6":[1,40],"7":[1,39],"8":[40,36],"9":[4,35],"10":[1,3],"11":[1,2],"12":[1,1],"13":[22,0,22],"14":[0,22],"15":[22,0],"16":[22,0],"17":[2,0],"18":[8,1],"19":[0,1],"20":[1,9],"21":[1,8],"22":[24,9],"23":[3,5],"24":[3],"25":[4,2]},"_coverageSchema":"332fd63041d2c1bcb487cc26dd0d5f7d97098a6c","hash":"3b74f01ba79a4e05b3c18e882ae0525350e4d572"}
}
