TN:
SF:/Users/KAYABAS/Projects/awesomeqp/src/mq.js
FN:3,(anonymous_0)
FN:3,(anonymous_1)
FN:10,(anonymous_2)
FN:20,(anonymous_3)
FN:55,(anonymous_4)
FN:68,(anonymous_5)
FN:73,(anonymous_6)
FN:81,(anonymous_7)
FN:93,(anonymous_8)
FN:105,(anonymous_9)
FN:116,(anonymous_10)
FN:126,(anonymous_11)
FN:137,(anonymous_12)
FN:156,(anonymous_13)
FN:162,(anonymous_14)
FN:174,(anonymous_15)
FN:178,(anonymous_16)
FN:192,(anonymous_17)
FN:200,(anonymous_18)
FNF:19
FNH:17
FNDA:6,(anonymous_0)
FNDA:6,(anonymous_1)
FNDA:46,(anonymous_2)
FNDA:46,(anonymous_3)
FNDA:22,(anonymous_4)
FNDA:6,(anonymous_5)
FNDA:2,(anonymous_6)
FNDA:22,(anonymous_7)
FNDA:0,(anonymous_8)
FNDA:9,(anonymous_9)
FNDA:0,(anonymous_10)
FNDA:8,(anonymous_11)
FNDA:10,(anonymous_12)
FNDA:33,(anonymous_13)
FNDA:9,(anonymous_14)
FNDA:2,(anonymous_15)
FNDA:1,(anonymous_16)
FNDA:6,(anonymous_17)
FNDA:6,(anonymous_18)
DA:1,1
DA:3,6
DA:4,1
DA:9,1
DA:11,46
DA:12,46
DA:13,36
DA:16,36
DA:17,36
DA:21,46
DA:22,1
DA:24,45
DA:25,1
DA:27,44
DA:28,1
DA:30,43
DA:31,1
DA:33,42
DA:34,1
DA:36,41
DA:37,1
DA:39,40
DA:40,1
DA:42,39
DA:43,4
DA:44,1
DA:46,3
DA:47,1
DA:49,2
DA:50,1
DA:56,22
DA:57,22
DA:58,22
DA:59,22
DA:65,22
DA:69,6
DA:70,6
DA:71,6
DA:72,6
DA:73,6
DA:74,2
DA:75,2
DA:76,2
DA:82,22
DA:83,22
DA:84,22
DA:85,22
DA:86,22
DA:87,22
DA:89,0
DA:94,0
DA:95,0
DA:96,0
DA:97,0
DA:98,0
DA:99,0
DA:101,0
DA:106,9
DA:107,9
DA:108,8
DA:110,1
DA:111,0
DA:113,1
DA:117,0
DA:118,0
DA:119,0
DA:121,0
DA:123,0
DA:127,8
DA:128,8
DA:129,8
DA:131,2
DA:133,8
DA:138,10
DA:139,1
DA:141,9
DA:142,9
DA:143,1
DA:146,8
DA:147,8
DA:149,2
DA:151,8
DA:152,8
DA:153,8
DA:157,33
DA:158,24
DA:160,9
DA:161,9
DA:162,9
DA:163,9
DA:164,9
DA:170,1
DA:171,1
DA:173,8
DA:174,8
DA:175,2
DA:176,2
DA:178,8
DA:179,1
DA:180,1
DA:182,8
DA:183,8
DA:184,8
DA:185,3
DA:187,8
DA:189,9
DA:193,6
DA:194,6
DA:195,6
DA:196,6
DA:197,6
DA:201,6
DA:202,6
DA:203,6
DA:204,6
DA:205,4
DA:208,2
DA:210,6
DA:211,6
DA:212,6
LF:120
LH:106
BRDA:16,0,0,36
BRDA:16,0,1,1
BRDA:21,1,0,1
BRDA:21,1,1,45
BRDA:24,2,0,1
BRDA:24,2,1,44
BRDA:27,3,0,1
BRDA:27,3,1,43
BRDA:30,4,0,1
BRDA:30,4,1,42
BRDA:33,5,0,1
BRDA:33,5,1,41
BRDA:36,6,0,1
BRDA:36,6,1,40
BRDA:39,7,0,1
BRDA:39,7,1,39
BRDA:39,8,0,40
BRDA:39,8,1,36
BRDA:42,9,0,4
BRDA:42,9,1,35
BRDA:43,10,0,1
BRDA:43,10,1,3
BRDA:46,11,0,1
BRDA:46,11,1,2
BRDA:49,12,0,1
BRDA:49,12,1,1
BRDA:57,13,0,22
BRDA:57,13,1,0
BRDA:57,13,2,22
BRDA:58,14,0,0
BRDA:58,14,1,22
BRDA:58,15,0,22
BRDA:58,15,1,0
BRDA:63,16,0,22
BRDA:63,16,1,0
BRDA:74,17,0,2
BRDA:74,17,1,0
BRDA:107,18,0,8
BRDA:107,18,1,1
BRDA:110,19,0,0
BRDA:110,19,1,1
BRDA:138,20,0,1
BRDA:138,20,1,9
BRDA:142,21,0,1
BRDA:142,21,1,8
BRDA:157,22,0,24
BRDA:157,22,1,9
BRDA:184,23,0,3
BRDA:184,23,1,5
BRDA:192,24,0,3
BRDA:204,25,0,4
BRDA:204,25,1,2
BRF:52
BRH:46
end_of_record
